0 verbose cli C:\Program Files\nodejs\node.exe C:\Program Files\nodejs\node_modules\npm\bin\npm-cli.js
1 info using npm@9.5.1
2 info using node@v18.16.0
3 timing npm:load:whichnode Completed in 2ms
4 timing config:load:defaults Completed in 2ms
5 timing config:load:file:C:\Program Files\nodejs\node_modules\npm\npmrc Completed in 2ms
6 timing config:load:builtin Completed in 3ms
7 timing config:load:cli Completed in 2ms
8 timing config:load:env Completed in 1ms
9 timing config:load:file:C:\Users\Omen\Desktop\my-next-js\nbti\.npmrc Completed in 0ms
10 timing config:load:project Completed in 1ms
11 timing config:load:file:C:\Users\Omen\.npmrc Completed in 0ms
12 timing config:load:user Completed in 1ms
13 timing config:load:file:C:\Users\Omen\AppData\Roaming\npm\etc\npmrc Completed in 0ms
14 timing config:load:global Completed in 0ms
15 timing config:load:setEnvs Completed in 2ms
16 timing config:load Completed in 13ms
17 timing npm:load:configload Completed in 13ms
18 timing npm:load:mkdirpcache Completed in 3ms
19 timing npm:load:mkdirplogs Completed in 0ms
20 verbose title npm install
21 verbose argv "install" "--cache" "--force"
22 timing npm:load:setTitle Completed in 2ms
23 timing config:load:flatten Completed in 3ms
24 timing npm:load:display Completed in 4ms
25 verbose logfile logs-max:10 dir:C:\Users\Omen\Desktop\my-next-js\nbti\--force\_logs\2023-10-14T19_22_15_318Z-
26 verbose logfile C:\Users\Omen\Desktop\my-next-js\nbti\--force\_logs\2023-10-14T19_22_15_318Z-debug-0.log
27 timing npm:load:logFile Completed in 9ms
28 timing npm:load:timers Completed in 0ms
29 timing npm:load:configScope Completed in 1ms
30 timing npm:load Completed in 34ms
31 timing arborist:ctor Completed in 1ms
32 silly logfile done cleaning log files
33 timing idealTree:init Completed in 1676ms
34 timing idealTree:userRequests Completed in 0ms
35 silly idealTree buildDeps
36 timing idealTree:#root Completed in 1ms
37 silly fetch manifest react@^0.14.6 || 15.x.x || 16.x.x || 17.x.x
38 http fetch GET 200 https://registry.npmjs.org/npm 3979ms (cache miss)
39 http fetch GET 200 https://registry.npmjs.org/react 2640ms (cache miss)
40 silly fetch manifest react-dom@^0.14.6 || 15.x.x || 16.x.x || 17.x.x
41 http fetch GET 200 https://registry.npmjs.org/react-dom 851ms (cache miss)
42 timing idealTree Completed in 5311ms
43 timing command:install Completed in 5403ms
44 notice
44 notice New [31mmajor[39m version of npm available! [31m9.5.1[39m -> [32m10.2.0[39m
44 notice Changelog: [36mhttps://github.com/npm/cli/releases/tag/v10.2.0[39m
44 notice Run [32mnpm install -g npm@10.2.0[39m to update!
44 notice
45 verbose stack Error: could not resolve
45 verbose stack     at PlaceDep.failPeerConflict (C:\Program Files\nodejs\node_modules\npm\node_modules\@npmcli\arborist\lib\place-dep.js:503:25)
45 verbose stack     at new PlaceDep (C:\Program Files\nodejs\node_modules\npm\node_modules\@npmcli\arborist\lib\place-dep.js:157:21)
45 verbose stack     at C:\Program Files\nodejs\node_modules\npm\node_modules\@npmcli\arborist\lib\arborist\build-ideal-tree.js:943:31
45 verbose stack     at Array.map (<anonymous>)
45 verbose stack     at [buildDepStep] (C:\Program Files\nodejs\node_modules\npm\node_modules\@npmcli\arborist\lib\arborist\build-ideal-tree.js:943:8)
45 verbose stack     at async Arborist.buildIdealTree (C:\Program Files\nodejs\node_modules\npm\node_modules\@npmcli\arborist\lib\arborist\build-ideal-tree.js:207:7)
45 verbose stack     at async Promise.all (index 1)
45 verbose stack     at async Arborist.reify (C:\Program Files\nodejs\node_modules\npm\node_modules\@npmcli\arborist\lib\arborist\reify.js:159:5)
45 verbose stack     at async Install.exec (C:\Program Files\nodejs\node_modules\npm\lib\commands\install.js:146:5)
45 verbose stack     at async module.exports (C:\Program Files\nodejs\node_modules\npm\lib\cli.js:134:5)
46 verbose cwd C:\Users\Omen\Desktop\my-next-js\nbti
47 verbose Windows_NT 10.0.22621
48 verbose node v18.16.0
49 verbose npm  v9.5.1
50 error code ERESOLVE
51 error ERESOLVE could not resolve
52 error
53 error While resolving: [1mreact-paypal-button-v2[22m@[1m2.6.3[22m
53 error Found: [1mreact[22m@[1m18.2.0[22m[2m[22m
53 error [2mnode_modules/react[22m
53 error   [1mreact[22m@"[1m18.2.0[22m" from the root project
53 error   [35mpeer[39m [1mreact[22m@"[1m>=16.3[22m" from [1m@fortawesome/react-fontawesome[22m@[1m0.2.0[22m[2m[22m
53 error   [2mnode_modules/@fortawesome/react-fontawesome[22m
53 error     [1m@fortawesome/react-fontawesome[22m@"[1m^0.2.0[22m" from the root project
53 error   11 more (@reduxjs/toolkit, next, next-redux-wrapper, react-dom, ...)
53 error
53 error Could not resolve dependency:
53 error [35mpeer[39m [1mreact[22m@"[1m^0.14.6 || 15.x.x || 16.x.x || 17.x.x[22m" from [1mreact-paypal-button-v2[22m@[1m2.6.3[22m[2m[22m
53 error [2mnode_modules/react-paypal-button-v2[22m
53 error   [1mreact-paypal-button-v2[22m@"[1m^2.6.3[22m" from the root project
53 error
53 error Conflicting peer dependency: [1mreact[22m@[1m17.0.2[22m[2m[22m
53 error [2mnode_modules/react[22m
53 error   [35mpeer[39m [1mreact[22m@"[1m^0.14.6 || 15.x.x || 16.x.x || 17.x.x[22m" from [1mreact-paypal-button-v2[22m@[1m2.6.3[22m[2m[22m
53 error   [2mnode_modules/react-paypal-button-v2[22m
53 error     [1mreact-paypal-button-v2[22m@"[1m^2.6.3[22m" from the root project
53 error
53 error Fix the upstream dependency conflict, or retry
53 error this command with --force or --legacy-peer-deps
53 error to accept an incorrect (and potentially broken) dependency resolution.
54 error
54 error
54 error For a full report see:
54 error C:\Users\Omen\Desktop\my-next-js\nbti\--force\_logs\2023-10-14T19_22_15_318Z-eresolve-report.txt
55 verbose exit 1
56 timing npm Completed in 5519ms
57 verbose unfinished npm timer reify 1697311335378
58 verbose unfinished npm timer reify:loadTrees 1697311335466
59 verbose unfinished npm timer idealTree:buildDeps 1697311337144
60 verbose unfinished npm timer idealTree:node_modules/react-paypal-button-v2 1697311337148
61 verbose code 1
62 error A complete log of this run can be found in:
62 error     C:\Users\Omen\Desktop\my-next-js\nbti\--force\_logs\2023-10-14T19_22_15_318Z-debug-0.log
